2023-09-17 07:45:47,698 INFO login: "123"
password: "123"
workspace_id: "hehehaha"

2023-09-17 08:41:58,984 INFO 1
2023-09-17 08:42:39,685 INFO 1
2023-09-17 08:43:41,687 INFO 1
2023-09-17 08:44:03,668 INFO 1
2023-09-17 08:44:39,281 INFO 1
2023-09-17 08:49:43,619 INFO 1
2023-09-17 08:49:43,852 INFO status: true

2023-09-17 08:57:57,510 INFO 1
2023-09-17 08:57:57,521 INFO 
2023-09-17 09:01:48,249 INFO 1
2023-09-17 09:01:48,257 INFO 
2023-09-17 09:10:33,251 INFO 1
2023-09-17 09:55:32,106 INFO 
2023-09-17 09:56:24,071 INFO 
2023-09-17 09:57:18,542 INFO 
2023-09-17 09:57:36,011 INFO 
2023-09-17 09:59:20,798 INFO 
2023-09-17 10:01:08,258 INFO 
2023-09-17 10:01:54,906 INFO 
2023-09-17 10:09:18,849 INFO 
2023-09-17 10:09:36,978 INFO 
2023-09-17 10:10:30,307 INFO 
2023-09-17 10:10:48,070 INFO 
2023-09-17 10:11:11,254 INFO 
2023-09-17 10:15:11,506 INFO 
2023-09-17 10:15:18,934 INFO 
2023-09-17 10:18:36,666 INFO 
2023-09-17 10:18:58,437 INFO 
2023-09-17 10:19:30,920 INFO 
2023-09-17 10:19:51,616 INFO 
2023-09-17 10:21:37,339 INFO 
2023-09-17 10:40:30,101 INFO 
2023-09-17 10:40:44,402 INFO 
2023-09-17 10:41:48,002 INFO 
2023-09-17 10:41:57,223 INFO 
2023-09-17 10:42:35,414 INFO 
2023-09-17 10:44:16,520 INFO 
2023-09-17 10:45:12,770 INFO 
2023-09-17 10:47:42,250 INFO 
2023-09-17 10:48:09,577 INFO 
2023-09-17 10:49:02,089 INFO 
2023-09-17 10:55:14,029 INFO 
2023-09-17 10:57:42,600 INFO id: "a545f92a-11d8-4cc7-a486-e9bccf06a684"

2023-09-17 10:10:38,339 INFO QeyJhbGciOiJIUzI1NiIsInR5cCI6IkpXVCJ9.eyJsb2dpbiI6ImxvZ2luIiwid29ya3NwYWNlX25hbWUiOiJuYW1lIiwiZXhwIjoxNjk0OTIxNjYyfQ.Xsvc9nlC2eq9d4-lC4R5srA-OWz8_9SHkXA2TYV7MPU
2023-09-17 12:13:40,933 INFO login: "user"
password: "123"
workspace_id: "a545f92a-11d8-4cc7-a486-e9bccf06a684"

2023-09-17 12:14:46,668 INFO login: "user"
password: "123"
workspace_id: "a545f92a-11d8-4cc7-a486-e9bccf06a684"

2023-09-17 12:15:02,528 INFO login: "user"
password: "123"
workspace_id: "a545f92a-11d8-4cc7-a486-e9bccf06a684"

2023-09-17 12:15:24,416 INFO login: "user"
password: "123"
workspace_id: "a545f92a-11d8-4cc7-a486-e9bccf06a684"

2023-09-17 12:16:29,972 INFO login: "user"
password: "123"
workspace_id: "a545f92a-11d8-4cc7-a486-e9bccf06a684"

2023-09-17 12:16:59,845 INFO login: "user"
password: "123"
workspace_id: "a545f92a-11d8-4cc7-a486-e9bccf06a684"

2023-09-17 12:17:50,166 INFO login: "user"
password: "123"
workspace_id: "a545f92a-11d8-4cc7-a486-e9bccf06a684"

2023-09-17 12:18:09,378 INFO login: "user"
password: "123"
workspace_id: "a545f92a-11d8-4cc7-a486-e9bccf06a684"

2023-09-17 12:18:28,058 INFO login: "user"
password: "123"
workspace_id: "a545f92a-11d8-4cc7-a486-e9bccf06a684"

2023-09-17 12:22:02,287 INFO login: "14512"
password: "4142"
workspace_id: "a545f92a-11d8-4cc7-a486-e9bccf06a684"

2023-09-17 12:22:15,086 INFO login: "14512"
password: "4142"
workspace_id: "a545f92a-11d8-4cc7-a486-e9bccf06a684"

2023-09-17 12:30:29,398 INFO login: "14512"
password: "4142"
workspace_id: "a545f92a-11d8-4cc7-a486-e9bccf06a684"

2023-09-17 12:33:48,728 INFO 
2023-09-17 12:34:13,138 INFO 
2023-09-17 12:34:13,140 INFO 
2023-09-17 12:36:31,443 INFO 
2023-09-17 12:36:31,447 INFO 
2023-09-17 12:37:33,302 INFO 
2023-09-17 12:37:33,306 INFO 
2023-09-17 12:39:03,901 INFO 
2023-09-17 12:39:03,905 INFO 
2023-09-17 12:39:46,669 INFO 
2023-09-17 12:39:46,675 INFO 
